{"target": 99.43963885307312, "params": {"Drop0": 0.2668088018810296, "Drop1": 0.38812979737686326, "Drop2": 0.10004574992693796, "Drop3": 0.22093302905273593, "Drop4": 0.15870235632684523, "Drop5": 0.13693543790751914, "LR": 0.0004441219365866987, "batch_size": 269.11214540860954, "epochs": 13.967674742306698, "node0": 98.48427097621484, "node1": 90.82844892181086, "node2": 97.78107203808891, "node3": 25.813707987112835, "node4": 58.14963694676538, "node5": 16.43820149116682}, "datetime": {"datetime": "2020-04-21 03:31:07", "elapsed": 0.0, "delta": 0.0}}
{"target": 99.58619475364685, "params": {"Drop0": 0.36818700407136096, "Drop1": 0.2669219209468508, "Drop2": 0.32347593137830066, "Drop3": 0.15615477543809353, "Drop4": 0.17924059563395153, "Drop5": 0.4202978274702147, "LR": 0.00020952152728418073, "batch_size": 262.68483563184856, "epochs": 16.92322615669314, "node0": 120.08890574694645, "node1": 121.25482646424624, "node2": 40.164244291498676, "node3": 17.874629595178355, "node4": 24.151860139099306, "node5": 30.050280054870612}, "datetime": {"datetime": "2020-04-21 04:34:50", "elapsed": 3822.422476, "delta": 3822.422476}}
{"target": 99.63504672050476, "params": {"Drop0": 0.13933873353322004, "Drop1": 0.26844305000202084, "Drop2": 0.48315581206020075, "Drop3": 0.31326611398920684, "Drop4": 0.37675084558018934, "Drop5": 0.2262062524024252, "LR": 0.0002940497216955249, "batch_size": 366.92513437947457, "epochs": 10.182882773441918, "node0": 112.00923615647793, "node1": 127.28710969001565, "node2": 103.82390282046458, "node3": 29.461311619091447, "node4": 53.885407765671445, "node5": 17.651616105242272}, "datetime": {"datetime": "2020-04-21 05:18:10", "elapsed": 6422.217371, "delta": 2599.794895}}
{"target": 99.68677163124084, "params": {"Drop0": 0.2791574104703621, "Drop1": 0.4634382012372382, "Drop2": 0.2174456593494718, "Drop3": 0.2151101354345395, "Drop4": 0.1520114288473111, "Drop5": 0.10774678314811884, "LR": 0.0002963493401180327, "batch_size": 242.32562320001182, "epochs": 12.655466593722263, "node0": 95.46068219394165, "node1": 67.41520288749314, "node2": 87.11529012723325, "node3": 23.04297159547889, "node4": 44.28666577135765, "node5": 27.1961337603349}, "datetime": {"datetime": "2020-04-21 05:50:33", "elapsed": 8365.129438, "delta": 1942.912067}}
{"target": 99.92815852165222, "params": {"Drop0": 0.14093377153113035, "Drop1": 0.26562239512782737, "Drop2": 0.3777600630910981, "Drop3": 0.2656717078107611, "Drop4": 0.11998138357843487, "Drop5": 0.31435856236620463, "LR": 0.00030086160643406337, "batch_size": 302.9778224116617, "epochs": 19.445947559908134, "node0": 101.53952259212755, "node1": 121.81772257842454, "node2": 45.197571598038806, "node3": 22.68526466803641, "node4": 54.75478185805714, "node5": 22.362829391768535}, "datetime": {"datetime": "2020-04-21 07:07:33", "elapsed": 12985.23314, "delta": 4620.103702}}
{"target": 97.60050773620605, "params": {"Drop0": 0.39407077569697535, "Drop1": 0.16423731930818558, "Drop2": 0.23925846952852475, "Drop3": 0.13144913288177001, "Drop4": 0.15401555251598442, "Drop5": 0.4851874506311228, "LR": 0.0002, "batch_size": 399.17503207469815, "epochs": 12.087513454065899, "node0": 70.07538361171183, "node1": 72.78154324698073, "node2": 37.79960072576822, "node3": 41.01705325595475, "node4": 23.410828747741917, "node5": 22.875585490420058}, "datetime": {"datetime": "2020-04-21 07:27:37", "elapsed": 14189.710669, "delta": 1204.477529}}
